<?xml version="1.0" encoding="UTF-8"?>
<coverage generated="1654768189005" clover="3.2.0">
  <project timestamp="1654768189006" name="All files">
    <metrics statements="101" coveredstatements="96" conditionals="52" coveredconditionals="43" methods="19" coveredmethods="19" elements="172" coveredelements="158" complexity="0" loc="101" ncloc="101" packages="2" files="6" classes="6"/>
    <package name="src">
      <metrics statements="40" coveredstatements="38" conditionals="19" coveredconditionals="14" methods="7" coveredmethods="7"/>
      <file name="getDiff.js" path="/mnt/e/projects/frontend-project-lvl2/src/getDiff.js">
        <metrics statements="15" coveredstatements="15" conditionals="10" coveredconditionals="10" methods="2" coveredmethods="2"/>
        <line num="3" count="1" type="stmt"/>
        <line num="4" count="20" type="stmt"/>
        <line num="5" count="20" type="stmt"/>
        <line num="6" count="20" type="stmt"/>
        <line num="7" count="72" type="stmt"/>
        <line num="8" count="72" type="stmt"/>
        <line num="9" count="72" type="cond" truecount="2" falsecount="0"/>
        <line num="10" count="20" type="stmt"/>
        <line num="12" count="52" type="cond" truecount="2" falsecount="0"/>
        <line num="13" count="8" type="stmt"/>
        <line num="15" count="44" type="cond" truecount="4" falsecount="0"/>
        <line num="16" count="16" type="stmt"/>
        <line num="18" count="28" type="cond" truecount="2" falsecount="0"/>
        <line num="19" count="16" type="stmt"/>
        <line num="23" count="12" type="stmt"/>
      </file>
      <file name="index.js" path="/mnt/e/projects/frontend-project-lvl2/src/index.js">
        <metrics statements="19" coveredstatements="19" conditionals="5" coveredconditionals="2" methods="4" coveredmethods="4"/>
        <line num="8" count="1" type="stmt"/>
        <line num="9" count="8" type="cond" truecount="1" falsecount="1"/>
        <line num="10" count="8" type="stmt"/>
        <line num="13" count="1" type="stmt"/>
        <line num="14" count="8" type="stmt"/>
        <line num="15" count="8" type="cond" truecount="1" falsecount="1"/>
        <line num="18" count="8" type="stmt"/>
        <line num="20" count="1" type="cond" truecount="0" falsecount="1"/>
        <line num="21" count="4" type="stmt"/>
        <line num="22" count="4" type="stmt"/>
        <line num="24" count="4" type="stmt"/>
        <line num="25" count="4" type="stmt"/>
        <line num="27" count="4" type="stmt"/>
        <line num="28" count="4" type="stmt"/>
        <line num="30" count="4" type="stmt"/>
        <line num="31" count="4" type="stmt"/>
        <line num="33" count="4" type="stmt"/>
        <line num="34" count="4" type="stmt"/>
        <line num="36" count="4" type="stmt"/>
      </file>
      <file name="parsers.js" path="/mnt/e/projects/frontend-project-lvl2/src/parsers.js">
        <metrics statements="6" coveredstatements="4" conditionals="4" coveredconditionals="2" methods="1" coveredmethods="1"/>
        <line num="3" count="1" type="stmt"/>
        <line num="4" count="8" type="cond" truecount="2" falsecount="2"/>
        <line num="6" count="0" type="stmt"/>
        <line num="8" count="2" type="stmt"/>
        <line num="10" count="6" type="stmt"/>
        <line num="12" count="0" type="stmt"/>
      </file>
    </package>
    <package name="src.formatters">
      <metrics statements="61" coveredstatements="58" conditionals="33" coveredconditionals="29" methods="12" coveredmethods="12"/>
      <file name="index.js" path="/mnt/e/projects/frontend-project-lvl2/src/formatters/index.js">
        <metrics statements="6" coveredstatements="5" conditionals="4" coveredconditionals="3" methods="1" coveredmethods="1"/>
        <line num="4" count="1" type="stmt"/>
        <line num="5" count="4" type="cond" truecount="3" falsecount="1"/>
        <line num="7" count="1" type="stmt"/>
        <line num="9" count="2" type="stmt"/>
        <line num="11" count="1" type="stmt"/>
        <line num="13" count="0" type="stmt"/>
      </file>
      <file name="plain.js" path="/mnt/e/projects/frontend-project-lvl2/src/formatters/plain.js">
        <metrics statements="25" coveredstatements="24" conditionals="13" coveredconditionals="12" methods="5" coveredmethods="5"/>
        <line num="1" count="1" type="stmt"/>
        <line num="2" count="13" type="cond" truecount="2" falsecount="0"/>
        <line num="3" count="1" type="stmt"/>
        <line num="4" count="12" type="cond" truecount="2" falsecount="0"/>
        <line num="5" count="1" type="stmt"/>
        <line num="6" count="11" type="cond" truecount="2" falsecount="0"/>
        <line num="7" count="6" type="stmt"/>
        <line num="8" count="5" type="cond" truecount="2" falsecount="0"/>
        <line num="9" count="3" type="stmt"/>
        <line num="11" count="2" type="stmt"/>
        <line num="14" count="1" type="stmt"/>
        <line num="15" count="1" type="stmt"/>
        <line num="16" count="5" type="stmt"/>
        <line num="17" count="18" type="stmt"/>
        <line num="21" count="15" type="stmt"/>
        <line num="22" count="15" type="stmt"/>
        <line num="23" count="15" type="stmt"/>
        <line num="24" count="15" type="cond" truecount="4" falsecount="1"/>
        <line num="26" count="4" type="stmt"/>
        <line num="28" count="5" type="stmt"/>
        <line num="30" count="2" type="stmt"/>
        <line num="32" count="4" type="stmt"/>
        <line num="34" count="0" type="stmt"/>
        <line num="38" count="5" type="stmt"/>
        <line num="43" count="1" type="stmt"/>
      </file>
      <file name="stylish.js" path="/mnt/e/projects/frontend-project-lvl2/src/formatters/stylish.js">
        <metrics statements="30" coveredstatements="29" conditionals="16" coveredconditionals="14" methods="6" coveredmethods="6"/>
        <line num="1" count="1" type="cond" truecount="1" falsecount="0"/>
        <line num="2" count="86" type="stmt"/>
        <line num="3" count="86" type="stmt"/>
        <line num="4" count="86" type="stmt"/>
        <line num="5" count="86" type="cond" truecount="4" falsecount="0"/>
        <line num="7" count="18" type="stmt"/>
        <line num="9" count="12" type="stmt"/>
        <line num="11" count="24" type="stmt"/>
        <line num="13" count="32" type="stmt"/>
        <line num="17" count="1" type="cond" truecount="0" falsecount="1"/>
        <line num="18" count="54" type="cond" truecount="2" falsecount="0"/>
        <line num="19" count="38" type="stmt"/>
        <line num="21" count="16" type="cond" truecount="2" falsecount="0"/>
        <line num="22" count="2" type="stmt"/>
        <line num="24" count="14" type="stmt"/>
        <line num="26" count="18" type="stmt"/>
        <line num="28" count="14" type="stmt"/>
        <line num="35" count="1" type="stmt"/>
        <line num="36" count="2" type="stmt"/>
        <line num="37" count="10" type="stmt"/>
        <line num="40" count="36" type="stmt"/>
        <line num="41" count="36" type="cond" truecount="5" falsecount="1"/>
        <line num="43" count="8" type="stmt"/>
        <line num="45" count="10" type="stmt"/>
        <line num="47" count="4" type="stmt"/>
        <line num="49" count="6" type="stmt"/>
        <line num="51" count="8" type="stmt"/>
        <line num="53" count="0" type="stmt"/>
        <line num="57" count="10" type="stmt"/>
        <line num="64" count="2" type="stmt"/>
      </file>
    </package>
  </project>
</coverage>
