{"/mnt/e/projects/frontend-project-lvl2/src/getDiff.js": {"path":"/mnt/e/projects/frontend-project-lvl2/src/getDiff.js","statementMap":{"0":{"start":{"line":3,"column":16},"end":{"line":25,"column":1}},"1":{"start":{"line":4,"column":18},"end":{"line":4,"column":63}},"2":{"start":{"line":5,"column":21},"end":{"line":5,"column":38}},"3":{"start":{"line":6,"column":2},"end":{"line":24,"column":5}},"4":{"start":{"line":7,"column":19},"end":{"line":7,"column":28}},"5":{"start":{"line":8,"column":19},"end":{"line":8,"column":28}},"6":{"start":{"line":9,"column":4},"end":{"line":11,"column":5}},"7":{"start":{"line":10,"column":6},"end":{"line":10,"column":49}},"8":{"start":{"line":12,"column":4},"end":{"line":14,"column":5}},"9":{"start":{"line":13,"column":6},"end":{"line":13,"column":51}},"10":{"start":{"line":15,"column":4},"end":{"line":17,"column":5}},"11":{"start":{"line":16,"column":6},"end":{"line":16,"column":72}},"12":{"start":{"line":18,"column":4},"end":{"line":22,"column":5}},"13":{"start":{"line":19,"column":6},"end":{"line":21,"column":8}},"14":{"start":{"line":23,"column":4},"end":{"line":23,"column":46}}},"fnMap":{"0":{"name":"(anonymous_0)","decl":{"start":{"line":3,"column":16},"end":{"line":3,"column":17}},"loc":{"start":{"line":3,"column":32},"end":{"line":25,"column":1}},"line":3},"1":{"name":"(anonymous_1)","decl":{"start":{"line":6,"column":24},"end":{"line":6,"column":25}},"loc":{"start":{"line":6,"column":33},"end":{"line":24,"column":3}},"line":6}},"branchMap":{"0":{"loc":{"start":{"line":9,"column":4},"end":{"line":11,"column":5}},"type":"if","locations":[{"start":{"line":9,"column":4},"end":{"line":11,"column":5}},{"start":{},"end":{}}],"line":9},"1":{"loc":{"start":{"line":12,"column":4},"end":{"line":14,"column":5}},"type":"if","locations":[{"start":{"line":12,"column":4},"end":{"line":14,"column":5}},{"start":{},"end":{}}],"line":12},"2":{"loc":{"start":{"line":15,"column":4},"end":{"line":17,"column":5}},"type":"if","locations":[{"start":{"line":15,"column":4},"end":{"line":17,"column":5}},{"start":{},"end":{}}],"line":15},"3":{"loc":{"start":{"line":15,"column":8},"end":{"line":15,"column":58}},"type":"binary-expr","locations":[{"start":{"line":15,"column":8},"end":{"line":15,"column":31}},{"start":{"line":15,"column":35},"end":{"line":15,"column":58}}],"line":15},"4":{"loc":{"start":{"line":18,"column":4},"end":{"line":22,"column":5}},"type":"if","locations":[{"start":{"line":18,"column":4},"end":{"line":22,"column":5}},{"start":{},"end":{}}],"line":18}},"s":{"0":1,"1":20,"2":20,"3":20,"4":72,"5":72,"6":72,"7":20,"8":52,"9":8,"10":44,"11":16,"12":28,"13":16,"14":12},"f":{"0":20,"1":72},"b":{"0":[20,52],"1":[8,44],"2":[16,28],"3":[44,20],"4":[16,12]},"_coverageSchema":"1a1c01bbd47fc00a2c39e90264f33305004495a9","hash":"bc7af56e8e34d79c5232b1e2d839f3368d819914"}
,"/mnt/e/projects/frontend-project-lvl2/src/index.js": {"path":"/mnt/e/projects/frontend-project-lvl2/src/index.js","statementMap":{"0":{"start":{"line":8,"column":16},"end":{"line":11,"column":1}},"1":{"start":{"line":9,"column":21},"end":{"line":9,"column":97}},"2":{"start":{"line":10,"column":2},"end":{"line":10,"column":20}},"3":{"start":{"line":13,"column":22},"end":{"line":16,"column":1}},"4":{"start":{"line":14,"column":18},"end":{"line":14,"column":42}},"5":{"start":{"line":15,"column":2},"end":{"line":15,"column":65}},"6":{"start":{"line":18,"column":17},"end":{"line":18,"column":69}},"7":{"start":{"line":18,"column":33},"end":{"line":18,"column":69}},"8":{"start":{"line":20,"column":16},"end":{"line":37,"column":1}},"9":{"start":{"line":21,"column":25},"end":{"line":21,"column":39}},"10":{"start":{"line":22,"column":25},"end":{"line":22,"column":39}},"11":{"start":{"line":24,"column":22},"end":{"line":24,"column":42}},"12":{"start":{"line":25,"column":22},"end":{"line":25,"column":42}},"13":{"start":{"line":27,"column":21},"end":{"line":27,"column":45}},"14":{"start":{"line":28,"column":21},"end":{"line":28,"column":45}},"15":{"start":{"line":30,"column":16},"end":{"line":30,"column":46}},"16":{"start":{"line":31,"column":16},"end":{"line":31,"column":46}},"17":{"start":{"line":33,"column":15},"end":{"line":33,"column":36}},"18":{"start":{"line":34,"column":17},"end":{"line":34,"column":41}},"19":{"start":{"line":36,"column":2},"end":{"line":36,"column":22}}},"fnMap":{"0":{"name":"(anonymous_0)","decl":{"start":{"line":8,"column":16},"end":{"line":8,"column":17}},"loc":{"start":{"line":8,"column":30},"end":{"line":11,"column":1}},"line":8},"1":{"name":"(anonymous_1)","decl":{"start":{"line":13,"column":22},"end":{"line":13,"column":23}},"loc":{"start":{"line":13,"column":38},"end":{"line":16,"column":1}},"line":13},"2":{"name":"(anonymous_2)","decl":{"start":{"line":18,"column":17},"end":{"line":18,"column":18}},"loc":{"start":{"line":18,"column":33},"end":{"line":18,"column":69}},"line":18},"3":{"name":"(anonymous_3)","decl":{"start":{"line":20,"column":16},"end":{"line":20,"column":17}},"loc":{"start":{"line":20,"column":58},"end":{"line":37,"column":1}},"line":20}},"branchMap":{"0":{"loc":{"start":{"line":9,"column":21},"end":{"line":9,"column":97}},"type":"cond-expr","locations":[{"start":{"line":9,"column":49},"end":{"line":9,"column":57}},{"start":{"line":9,"column":60},"end":{"line":9,"column":97}}],"line":9},"1":{"loc":{"start":{"line":15,"column":9},"end":{"line":15,"column":64}},"type":"cond-expr","locations":[{"start":{"line":15,"column":38},"end":{"line":15,"column":54}},{"start":{"line":15,"column":57},"end":{"line":15,"column":64}}],"line":15},"2":{"loc":{"start":{"line":20,"column":31},"end":{"line":20,"column":53}},"type":"default-arg","locations":[{"start":{"line":20,"column":44},"end":{"line":20,"column":53}}],"line":20}},"s":{"0":1,"1":8,"2":8,"3":1,"4":8,"5":8,"6":1,"7":8,"8":1,"9":4,"10":4,"11":4,"12":4,"13":4,"14":4,"15":4,"16":4,"17":4,"18":4,"19":4},"f":{"0":8,"1":8,"2":8,"3":4},"b":{"0":[8,0],"1":[8,0],"2":[0]},"_coverageSchema":"1a1c01bbd47fc00a2c39e90264f33305004495a9","hash":"d515b67133acab244989271cc914760ee87c6713"}
,"/mnt/e/projects/frontend-project-lvl2/src/parsers.js": {"path":"/mnt/e/projects/frontend-project-lvl2/src/parsers.js","statementMap":{"0":{"start":{"line":3,"column":14},"end":{"line":14,"column":1}},"1":{"start":{"line":4,"column":2},"end":{"line":13,"column":3}},"2":{"start":{"line":6,"column":6},"end":{"line":6,"column":29}},"3":{"start":{"line":8,"column":6},"end":{"line":8,"column":29}},"4":{"start":{"line":10,"column":6},"end":{"line":10,"column":30}},"5":{"start":{"line":12,"column":6},"end":{"line":12,"column":57}}},"fnMap":{"0":{"name":"(anonymous_0)","decl":{"start":{"line":3,"column":14},"end":{"line":3,"column":15}},"loc":{"start":{"line":3,"column":30},"end":{"line":14,"column":1}},"line":3}},"branchMap":{"0":{"loc":{"start":{"line":4,"column":2},"end":{"line":13,"column":3}},"type":"switch","locations":[{"start":{"line":5,"column":4},"end":{"line":6,"column":29}},{"start":{"line":7,"column":4},"end":{"line":8,"column":29}},{"start":{"line":9,"column":4},"end":{"line":10,"column":30}},{"start":{"line":11,"column":4},"end":{"line":12,"column":57}}],"line":4}},"s":{"0":1,"1":8,"2":0,"3":2,"4":6,"5":0},"f":{"0":8},"b":{"0":[0,2,6,0]},"_coverageSchema":"1a1c01bbd47fc00a2c39e90264f33305004495a9","hash":"bd22c7473840472bf83acf6da5d06a86cfe5b466"}
,"/mnt/e/projects/frontend-project-lvl2/src/formatters/index.js": {"path":"/mnt/e/projects/frontend-project-lvl2/src/formatters/index.js","statementMap":{"0":{"start":{"line":4,"column":21},"end":{"line":15,"column":1}},"1":{"start":{"line":5,"column":2},"end":{"line":14,"column":3}},"2":{"start":{"line":7,"column":6},"end":{"line":7,"column":22}},"3":{"start":{"line":9,"column":6},"end":{"line":9,"column":24}},"4":{"start":{"line":11,"column":6},"end":{"line":11,"column":28}},"5":{"start":{"line":13,"column":6},"end":{"line":13,"column":65}}},"fnMap":{"0":{"name":"(anonymous_0)","decl":{"start":{"line":4,"column":21},"end":{"line":4,"column":22}},"loc":{"start":{"line":4,"column":37},"end":{"line":15,"column":1}},"line":4}},"branchMap":{"0":{"loc":{"start":{"line":5,"column":2},"end":{"line":14,"column":3}},"type":"switch","locations":[{"start":{"line":6,"column":4},"end":{"line":7,"column":22}},{"start":{"line":8,"column":4},"end":{"line":9,"column":24}},{"start":{"line":10,"column":4},"end":{"line":11,"column":28}},{"start":{"line":12,"column":4},"end":{"line":13,"column":65}}],"line":5}},"s":{"0":1,"1":4,"2":1,"3":2,"4":1,"5":0},"f":{"0":4},"b":{"0":[1,2,1,0]},"_coverageSchema":"1a1c01bbd47fc00a2c39e90264f33305004495a9","hash":"6b21d2b09655c87ca0f2807b54da9a25e9ddb978"}
,"/mnt/e/projects/frontend-project-lvl2/src/formatters/plain.js": {"path":"/mnt/e/projects/frontend-project-lvl2/src/formatters/plain.js","statementMap":{"0":{"start":{"line":1,"column":26},"end":{"line":12,"column":1}},"1":{"start":{"line":2,"column":2},"end":{"line":4,"column":3}},"2":{"start":{"line":3,"column":4},"end":{"line":3,"column":18}},"3":{"start":{"line":4,"column":4},"end":{"line":6,"column":3}},"4":{"start":{"line":5,"column":4},"end":{"line":5,"column":18}},"5":{"start":{"line":6,"column":4},"end":{"line":8,"column":3}},"6":{"start":{"line":7,"column":4},"end":{"line":7,"column":24}},"7":{"start":{"line":8,"column":4},"end":{"line":10,"column":3}},"8":{"start":{"line":9,"column":4},"end":{"line":9,"column":29}},"9":{"start":{"line":11,"column":2},"end":{"line":11,"column":15}},"10":{"start":{"line":14,"column":17},"end":{"line":44,"column":1}},"11":{"start":{"line":15,"column":20},"end":{"line":41,"column":3}},"12":{"start":{"line":16,"column":18},"end":{"line":36,"column":8}},"13":{"start":{"line":17,"column":28},"end":{"line":17,"column":43}},"14":{"start":{"line":21,"column":12},"end":{"line":21,"column":16}},"15":{"start":{"line":22,"column":24},"end":{"line":22,"column":38}},"16":{"start":{"line":23,"column":30},"end":{"line":23,"column":47}},"17":{"start":{"line":24,"column":8},"end":{"line":35,"column":9}},"18":{"start":{"line":26,"column":12},"end":{"line":26,"column":48}},"19":{"start":{"line":28,"column":12},"end":{"line":28,"column":97}},"20":{"start":{"line":30,"column":12},"end":{"line":30,"column":61}},"21":{"start":{"line":32,"column":12},"end":{"line":32,"column":124}},"22":{"start":{"line":34,"column":12},"end":{"line":34,"column":56}},"23":{"start":{"line":38,"column":4},"end":{"line":40,"column":17}},"24":{"start":{"line":43,"column":2},"end":{"line":43,"column":29}}},"fnMap":{"0":{"name":"(anonymous_0)","decl":{"start":{"line":1,"column":26},"end":{"line":1,"column":27}},"loc":{"start":{"line":1,"column":37},"end":{"line":12,"column":1}},"line":1},"1":{"name":"(anonymous_1)","decl":{"start":{"line":14,"column":17},"end":{"line":14,"column":18}},"loc":{"start":{"line":14,"column":27},"end":{"line":44,"column":1}},"line":14},"2":{"name":"(anonymous_2)","decl":{"start":{"line":15,"column":20},"end":{"line":15,"column":21}},"loc":{"start":{"line":15,"column":36},"end":{"line":41,"column":3}},"line":15},"3":{"name":"(anonymous_3)","decl":{"start":{"line":17,"column":14},"end":{"line":17,"column":15}},"loc":{"start":{"line":17,"column":28},"end":{"line":17,"column":43}},"line":17},"4":{"name":"(anonymous_4)","decl":{"start":{"line":18,"column":15},"end":{"line":18,"column":16}},"loc":{"start":{"line":18,"column":25},"end":{"line":36,"column":7}},"line":18}},"branchMap":{"0":{"loc":{"start":{"line":2,"column":2},"end":{"line":4,"column":3}},"type":"if","locations":[{"start":{"line":2,"column":2},"end":{"line":4,"column":3}},{"start":{},"end":{}}],"line":2},"1":{"loc":{"start":{"line":4,"column":4},"end":{"line":6,"column":3}},"type":"if","locations":[{"start":{"line":4,"column":4},"end":{"line":6,"column":3}},{"start":{},"end":{}}],"line":4},"2":{"loc":{"start":{"line":6,"column":4},"end":{"line":8,"column":3}},"type":"if","locations":[{"start":{"line":6,"column":4},"end":{"line":8,"column":3}},{"start":{},"end":{}}],"line":6},"3":{"loc":{"start":{"line":8,"column":4},"end":{"line":10,"column":3}},"type":"if","locations":[{"start":{"line":8,"column":4},"end":{"line":10,"column":3}},{"start":{},"end":{}}],"line":8},"4":{"loc":{"start":{"line":24,"column":8},"end":{"line":35,"column":9}},"type":"switch","locations":[{"start":{"line":25,"column":10},"end":{"line":26,"column":48}},{"start":{"line":27,"column":10},"end":{"line":28,"column":97}},{"start":{"line":29,"column":10},"end":{"line":30,"column":61}},{"start":{"line":31,"column":10},"end":{"line":32,"column":124}},{"start":{"line":33,"column":10},"end":{"line":34,"column":56}}],"line":24}},"s":{"0":1,"1":13,"2":1,"3":12,"4":1,"5":11,"6":6,"7":5,"8":3,"9":2,"10":1,"11":1,"12":5,"13":18,"14":15,"15":15,"16":15,"17":15,"18":4,"19":5,"20":2,"21":4,"22":0,"23":5,"24":1},"f":{"0":13,"1":1,"2":5,"3":18,"4":15},"b":{"0":[1,12],"1":[1,11],"2":[6,5],"3":[3,2],"4":[4,5,2,4,0]},"_coverageSchema":"1a1c01bbd47fc00a2c39e90264f33305004495a9","hash":"370126ec929effddf06db93ac28114d191213827"}
,"/mnt/e/projects/frontend-project-lvl2/src/formatters/stylish.js": {"path":"/mnt/e/projects/frontend-project-lvl2/src/formatters/stylish.js","statementMap":{"0":{"start":{"line":1,"column":18},"end":{"line":15,"column":1}},"1":{"start":{"line":2,"column":19},"end":{"line":2,"column":22}},"2":{"start":{"line":3,"column":22},"end":{"line":3,"column":23}},"3":{"start":{"line":4,"column":21},"end":{"line":4,"column":40}},"4":{"start":{"line":5,"column":2},"end":{"line":14,"column":3}},"5":{"start":{"line":7,"column":6},"end":{"line":7,"column":52}},"6":{"start":{"line":9,"column":6},"end":{"line":9,"column":52}},"7":{"start":{"line":11,"column":6},"end":{"line":11,"column":61}},"8":{"start":{"line":13,"column":6},"end":{"line":13,"column":41}},"9":{"start":{"line":17,"column":19},"end":{"line":33,"column":1}},"10":{"start":{"line":18,"column":2},"end":{"line":20,"column":3}},"11":{"start":{"line":19,"column":4},"end":{"line":19,"column":27}},"12":{"start":{"line":21,"column":2},"end":{"line":23,"column":3}},"13":{"start":{"line":22,"column":4},"end":{"line":22,"column":18}},"14":{"start":{"line":24,"column":16},"end":{"line":26,"column":84}},"15":{"start":{"line":26,"column":25},"end":{"line":26,"column":83}},"16":{"start":{"line":28,"column":2},"end":{"line":32,"column":15}},"17":{"start":{"line":35,"column":19},"end":{"line":65,"column":1}},"18":{"start":{"line":36,"column":15},"end":{"line":62,"column":3}},"19":{"start":{"line":37,"column":18},"end":{"line":55,"column":6}},"20":{"start":{"line":40,"column":10},"end":{"line":40,"column":14}},"21":{"start":{"line":41,"column":6},"end":{"line":54,"column":7}},"22":{"start":{"line":43,"column":10},"end":{"line":43,"column":81}},"23":{"start":{"line":45,"column":10},"end":{"line":45,"column":82}},"24":{"start":{"line":47,"column":10},"end":{"line":47,"column":82}},"25":{"start":{"line":49,"column":10},"end":{"line":49,"column":82}},"26":{"start":{"line":51,"column":10},"end":{"line":51,"column":156}},"27":{"start":{"line":53,"column":10},"end":{"line":53,"column":54}},"28":{"start":{"line":57,"column":4},"end":{"line":61,"column":17}},"29":{"start":{"line":64,"column":2},"end":{"line":64,"column":24}}},"fnMap":{"0":{"name":"(anonymous_0)","decl":{"start":{"line":1,"column":18},"end":{"line":1,"column":19}},"loc":{"start":{"line":1,"column":44},"end":{"line":15,"column":1}},"line":1},"1":{"name":"(anonymous_1)","decl":{"start":{"line":17,"column":19},"end":{"line":17,"column":20}},"loc":{"start":{"line":17,"column":40},"end":{"line":33,"column":1}},"line":17},"2":{"name":"(anonymous_2)","decl":{"start":{"line":26,"column":9},"end":{"line":26,"column":10}},"loc":{"start":{"line":26,"column":25},"end":{"line":26,"column":83}},"line":26},"3":{"name":"(anonymous_3)","decl":{"start":{"line":35,"column":19},"end":{"line":35,"column":20}},"loc":{"start":{"line":35,"column":30},"end":{"line":65,"column":1}},"line":35},"4":{"name":"(anonymous_4)","decl":{"start":{"line":36,"column":15},"end":{"line":36,"column":16}},"loc":{"start":{"line":36,"column":40},"end":{"line":62,"column":3}},"line":36},"5":{"name":"(anonymous_5)","decl":{"start":{"line":37,"column":35},"end":{"line":37,"column":36}},"loc":{"start":{"line":37,"column":45},"end":{"line":55,"column":5}},"line":37}},"branchMap":{"0":{"loc":{"start":{"line":1,"column":26},"end":{"line":1,"column":39}},"type":"default-arg","locations":[{"start":{"line":1,"column":33},"end":{"line":1,"column":39}}],"line":1},"1":{"loc":{"start":{"line":5,"column":2},"end":{"line":14,"column":3}},"type":"switch","locations":[{"start":{"line":6,"column":4},"end":{"line":7,"column":52}},{"start":{"line":8,"column":4},"end":{"line":9,"column":52}},{"start":{"line":10,"column":4},"end":{"line":11,"column":61}},{"start":{"line":12,"column":4},"end":{"line":13,"column":41}}],"line":5},"2":{"loc":{"start":{"line":17,"column":26},"end":{"line":17,"column":35}},"type":"default-arg","locations":[{"start":{"line":17,"column":34},"end":{"line":17,"column":35}}],"line":17},"3":{"loc":{"start":{"line":18,"column":2},"end":{"line":20,"column":3}},"type":"if","locations":[{"start":{"line":18,"column":2},"end":{"line":20,"column":3}},{"start":{},"end":{}}],"line":18},"4":{"loc":{"start":{"line":21,"column":2},"end":{"line":23,"column":3}},"type":"if","locations":[{"start":{"line":21,"column":2},"end":{"line":23,"column":3}},{"start":{},"end":{}}],"line":21},"5":{"loc":{"start":{"line":41,"column":6},"end":{"line":54,"column":7}},"type":"switch","locations":[{"start":{"line":42,"column":8},"end":{"line":43,"column":81}},{"start":{"line":44,"column":8},"end":{"line":45,"column":82}},{"start":{"line":46,"column":8},"end":{"line":47,"column":82}},{"start":{"line":48,"column":8},"end":{"line":49,"column":82}},{"start":{"line":50,"column":8},"end":{"line":51,"column":156}},{"start":{"line":52,"column":8},"end":{"line":53,"column":54}}],"line":41}},"s":{"0":1,"1":86,"2":86,"3":86,"4":86,"5":18,"6":12,"7":24,"8":32,"9":1,"10":54,"11":38,"12":16,"13":2,"14":14,"15":18,"16":14,"17":1,"18":2,"19":10,"20":36,"21":36,"22":8,"23":10,"24":4,"25":6,"26":8,"27":0,"28":10,"29":2},"f":{"0":86,"1":54,"2":18,"3":2,"4":10,"5":36},"b":{"0":[18],"1":[18,12,24,32],"2":[0],"3":[38,16],"4":[2,14],"5":[8,10,4,6,8,0]},"_coverageSchema":"1a1c01bbd47fc00a2c39e90264f33305004495a9","hash":"97ff850db6a8d945229ae59b9e7447c0a5faa4d9"}
}
