TN:
SF:src/getDiff.js
FN:3,(anonymous_0)
FN:6,(anonymous_1)
FNF:2
FNH:2
FNDA:20,(anonymous_0)
FNDA:72,(anonymous_1)
DA:3,1
DA:4,20
DA:5,20
DA:6,20
DA:7,72
DA:8,72
DA:9,72
DA:10,20
DA:12,52
DA:13,8
DA:15,44
DA:16,16
DA:18,28
DA:19,16
DA:23,12
LF:15
LH:15
BRDA:9,0,0,20
BRDA:9,0,1,52
BRDA:12,1,0,8
BRDA:12,1,1,44
BRDA:15,2,0,16
BRDA:15,2,1,28
BRDA:15,3,0,44
BRDA:15,3,1,20
BRDA:18,4,0,16
BRDA:18,4,1,12
BRF:10
BRH:10
end_of_record
TN:
SF:src/index.js
FN:8,(anonymous_0)
FN:13,(anonymous_1)
FN:18,(anonymous_2)
FN:20,(anonymous_3)
FNF:4
FNH:4
FNDA:8,(anonymous_0)
FNDA:8,(anonymous_1)
FNDA:8,(anonymous_2)
FNDA:4,(anonymous_3)
DA:8,1
DA:9,8
DA:10,8
DA:13,1
DA:14,8
DA:15,8
DA:18,8
DA:20,1
DA:21,4
DA:22,4
DA:24,4
DA:25,4
DA:27,4
DA:28,4
DA:30,4
DA:31,4
DA:33,4
DA:34,4
DA:36,4
LF:19
LH:19
BRDA:9,0,0,8
BRDA:9,0,1,0
BRDA:15,1,0,8
BRDA:15,1,1,0
BRDA:20,2,0,0
BRF:5
BRH:2
end_of_record
TN:
SF:src/parsers.js
FN:3,(anonymous_0)
FNF:1
FNH:1
FNDA:8,(anonymous_0)
DA:3,1
DA:4,8
DA:6,0
DA:8,2
DA:10,6
DA:12,0
LF:6
LH:4
BRDA:4,0,0,0
BRDA:4,0,1,2
BRDA:4,0,2,6
BRDA:4,0,3,0
BRF:4
BRH:2
end_of_record
TN:
SF:src/formatters/index.js
FN:4,(anonymous_0)
FNF:1
FNH:1
FNDA:4,(anonymous_0)
DA:4,1
DA:5,4
DA:7,1
DA:9,2
DA:11,1
DA:13,0
LF:6
LH:5
BRDA:5,0,0,1
BRDA:5,0,1,2
BRDA:5,0,2,1
BRDA:5,0,3,0
BRF:4
BRH:3
end_of_record
TN:
SF:src/formatters/plain.js
FN:1,(anonymous_0)
FN:14,(anonymous_1)
FN:15,(anonymous_2)
FN:17,(anonymous_3)
FN:18,(anonymous_4)
FNF:5
FNH:5
FNDA:13,(anonymous_0)
FNDA:1,(anonymous_1)
FNDA:5,(anonymous_2)
FNDA:18,(anonymous_3)
FNDA:15,(anonymous_4)
DA:1,1
DA:2,13
DA:3,1
DA:4,12
DA:5,1
DA:6,11
DA:7,6
DA:8,5
DA:9,3
DA:11,2
DA:14,1
DA:15,1
DA:16,5
DA:17,18
DA:21,15
DA:22,15
DA:23,15
DA:24,15
DA:26,4
DA:28,5
DA:30,2
DA:32,4
DA:34,0
DA:38,5
DA:43,1
LF:25
LH:24
BRDA:2,0,0,1
BRDA:2,0,1,12
BRDA:4,1,0,1
BRDA:4,1,1,11
BRDA:6,2,0,6
BRDA:6,2,1,5
BRDA:8,3,0,3
BRDA:8,3,1,2
BRDA:24,4,0,4
BRDA:24,4,1,5
BRDA:24,4,2,2
BRDA:24,4,3,4
BRDA:24,4,4,0
BRF:13
BRH:12
end_of_record
TN:
SF:src/formatters/stylish.js
FN:1,(anonymous_0)
FN:17,(anonymous_1)
FN:26,(anonymous_2)
FN:35,(anonymous_3)
FN:36,(anonymous_4)
FN:37,(anonymous_5)
FNF:6
FNH:6
FNDA:86,(anonymous_0)
FNDA:54,(anonymous_1)
FNDA:18,(anonymous_2)
FNDA:2,(anonymous_3)
FNDA:10,(anonymous_4)
FNDA:36,(anonymous_5)
DA:1,1
DA:2,86
DA:3,86
DA:4,86
DA:5,86
DA:7,18
DA:9,12
DA:11,24
DA:13,32
DA:17,1
DA:18,54
DA:19,38
DA:21,16
DA:22,2
DA:24,14
DA:26,18
DA:28,14
DA:35,1
DA:36,2
DA:37,10
DA:40,36
DA:41,36
DA:43,8
DA:45,10
DA:47,4
DA:49,6
DA:51,8
DA:53,0
DA:57,10
DA:64,2
LF:30
LH:29
BRDA:1,0,0,18
BRDA:5,1,0,18
BRDA:5,1,1,12
BRDA:5,1,2,24
BRDA:5,1,3,32
BRDA:17,2,0,0
BRDA:18,3,0,38
BRDA:18,3,1,16
BRDA:21,4,0,2
BRDA:21,4,1,14
BRDA:41,5,0,8
BRDA:41,5,1,10
BRDA:41,5,2,4
BRDA:41,5,3,6
BRDA:41,5,4,8
BRDA:41,5,5,0
BRF:16
BRH:14
end_of_record
